==============================================================================
Training                                                                      
==============================================================================
Training.TestSuites                                                           
==============================================================================
Training.TestSuites.Udemy                                                     
==============================================================================
Training.TestSuites.Udemy.TestDemo5 :: To validate the login error message    
==============================================================================
Login with user ${username} and password ${password}                  | PASS |
------------------------------------------------------------------------------
Training.TestSuites.Udemy.TestDemo5 :: To validate the login error... | PASS |
1 test, 1 passed, 0 failed
==============================================================================
Training.TestSuites.Udemy                                             | PASS |
1 test, 1 passed, 0 failed
==============================================================================
Training.TestSuites                                                   | PASS |
1 test, 1 passed, 0 failed
==============================================================================
Training                                                              | PASS |
1 test, 1 passed, 0 failed
==============================================================================
Output:  C:\Users\WONDERS\Desktop\training\pabot_results\4\output.xml
